[2018-08-06 11:35:53.302] [ERROR] androidTouchadmin.errorLogger - 
*************** error log start ***************
request method: POST
request conentType: application/json;charset=UTF-8
request originalUrl:  /api/admin/company/Department/listpage
request client ip:  ::1
request body: 
{"page":1,"pageSize":20,"filter":{}}
response time: 19
err name: no_LOGIN
err message: 没有登陆
err stack: no_LOGIN: 没有登陆
    at doRequest (D:/git/quick-vue-admin/src/server/controllers/admin/pageAdmin.js:58:15)
    at dispatch (D:\git\quick-vue-admin\node_modules\koa-compose\index.js:44:32)
    at next (D:\git\quick-vue-admin\node_modules\koa-compose\index.js:45:18)
    at D:\git\quick-vue-admin\node_modules\koa-router\lib\router.js:346:16
    at dispatch (D:\git\quick-vue-admin\node_modules\koa-compose\index.js:44:32)
    at D:\git\quick-vue-admin\node_modules\koa-compose\index.js:36:12
    at dispatch (D:\git\quick-vue-admin\node_modules\koa-router\lib\router.js:351:31)
    at dispatch (D:\git\quick-vue-admin\node_modules\koa\node_modules\koa-compose\index.js:42:32)
    at D:/git/quick-vue-admin/src/server/middlewares/request_checkNeedParams.js:71:19
    at dispatch (D:\git\quick-vue-admin\node_modules\koa\node_modules\koa-compose\index.js:42:32)
    at D:/git/quick-vue-admin/src/server/middlewares/response_formatter.js:29:19
    at dispatch (D:\git\quick-vue-admin\node_modules\koa\node_modules\koa-compose\index.js:42:32)
    at D:/git/quick-vue-admin/src/server/middlewares/ApiRequestLog.js:19:19
    at dispatch (D:\git\quick-vue-admin\node_modules\koa\node_modules\koa-compose\index.js:42:32)
    at createGenerator (D:\git\quick-vue-admin\node_modules\koa-convert\index.js:24:16)
    at createGenerator.next (<anonymous>)
*************** error log end ***************

