[2018-08-09 10:00:11.669] [INFO] androidTouchadmin.resLogger - 
*************** response log start ***************
request method: POST
request conentType: application/json;charset=UTF-8
request originalUrl:  /api/admin/example/Input/listpage
request client ip:  ::1
request body: 
{"page":1,"pageSize":20,"filter":{}}
response time: 42
response status: 200
response body: 
{"status":{"code":"0","msg":"success"},"data":{"records":[{"_id":"1","text":"文本框","textarea":"多行","select":"色色","select_ajax":"6","radioGroup":"禁用","checkbox":true,"checkboxGroup":["深圳","广州"],"date":"20180724","time":"2018-07-27T04:59:52.000Z","datetime":"2018-07-13T16:00:00.000Z","daterange":["2018-07-25T16:00:00.000Z","2018-08-29T16:00:00.000Z"],"datetimerange":["2018-07-02T16:00:00.000Z","2018-08-29T16:00:00.000Z"]},{"_id":"2","text":"a","textarea":"b","select":"黄色","select_ajax":"6","radioGroup":"禁用","checkbox":"true","date":"","time":"","datetime":"","daterange":"","datetimerange":"","fileInfo":{"path":"example\\20180727151819638.txt","md5":"54a034b827f4ea3549375544e341b0fc","size":"49150","name":"20180727151819638.txt","srcName":"error.txt"}},{"_id":"3","text":"s","textarea":"b","select":"色色","select_ajax":"","radioGroup":"false","checkbox":"","date":"","time":"","datetime":"","daterange":"","datetimerange":"","fileInfo":{"path":"example\\20180727152302667.txt","md5":"54a034b827f4ea3549375544e341b0fc","size":"49150","name":"20180727152302667.txt","srcName":"error.txt"}},{"_id":"4","text":"s","textarea":"ss","select":"色色","select_ajax":"6","radioGroup":"true","checkbox":"true","date":"","time":"","datetime":"","daterange":"","datetimerange":"","fileInfo":{"path":"example\\20180727154547196.txt","md5":"54a034b827f4ea3549375544e341b0fc","size":"49150","name":"20180727154547196.txt","srcName":"error.txt"}},{"_id":"13","text":"ss","textarea":"ss","select":"色色","select_ajax":"6","radioGroup":false,"checkbox":true,"checkboxGroup":["广州","深圳"],"date":"","time":"","datetime":"","daterange":"","datetimerange":"","fileInfo":"","tree":["北京市","天津市"],"addTime":"2018-08-02 10:27:54"}],"total":5}}
*************** response log end ***************

[2018-08-09 10:00:14.921] [INFO] androidTouchadmin.resLogger - 
*************** response log start ***************
request method: POST
request conentType: application/json;charset=UTF-8
request originalUrl:  /api/admin/company/Department/list
request client ip:  ::1
request body: 
{"projects":{"_id":1,"name":1}}
response time: 24
response status: 200
response body: 
{"status":{"code":"0","msg":"success"},"data":[{"_id":"6","name":"人力资源部b"},{"_id":"7","name":"test"}]}
*************** response log end ***************

[2018-08-09 10:00:19.976] [INFO] androidTouchadmin.resLogger - 
*************** response log start ***************
request method: POST
request conentType: application/json;charset=UTF-8
request originalUrl:  /api/admin/example/Input/edit
request client ip:  ::1
request body: 
{"text":"文本框x","textarea":"多行","select":"色色","select_ajax":"6","radioGroup":"禁用","checkbox":true,"checkboxGroup":["深圳","广州"],"date":"20180724","time":"2018-07-27T04:59:52.000Z","datetime":"2018-07-13T16:00:00.000Z","daterange":["2018-07-25T16:00:00.000Z","2018-08-29T16:00:00.000Z"],"datetimerange":["2018-07-02T16:00:00.000Z","2018-08-29T16:00:00.000Z"],"fileInfo":"","tree":[],"_id":"1"}
response time: 27
response status: 200
response body: 
{"status":{"code":"0","msg":"success"}}
*************** response log end ***************

[2018-08-09 10:00:20.033] [INFO] androidTouchadmin.resLogger - 
*************** response log start ***************
request method: POST
request conentType: application/json;charset=UTF-8
request originalUrl:  /api/admin/example/Input/listpage
request client ip:  ::1
request body: 
{"page":1,"pageSize":20,"filter":{}}
response time: 11
response status: 200
response body: 
{"status":{"code":"0","msg":"success"},"data":{"records":[{"_id":"1","text":"文本框x","textarea":"多行","select":"色色","select_ajax":"6","radioGroup":"禁用","checkbox":true,"checkboxGroup":["深圳","广州"],"date":"20180724","time":"2018-07-27T04:59:52.000Z","datetime":"2018-07-13T16:00:00.000Z","daterange":["2018-07-25T16:00:00.000Z","2018-08-29T16:00:00.000Z"],"datetimerange":["2018-07-02T16:00:00.000Z","2018-08-29T16:00:00.000Z"],"fileInfo":"","tree":[]},{"_id":"2","text":"a","textarea":"b","select":"黄色","select_ajax":"6","radioGroup":"禁用","checkbox":"true","date":"","time":"","datetime":"","daterange":"","datetimerange":"","fileInfo":{"path":"example\\20180727151819638.txt","md5":"54a034b827f4ea3549375544e341b0fc","size":"49150","name":"20180727151819638.txt","srcName":"error.txt"}},{"_id":"3","text":"s","textarea":"b","select":"色色","select_ajax":"","radioGroup":"false","checkbox":"","date":"","time":"","datetime":"","daterange":"","datetimerange":"","fileInfo":{"path":"example\\20180727152302667.txt","md5":"54a034b827f4ea3549375544e341b0fc","size":"49150","name":"20180727152302667.txt","srcName":"error.txt"}},{"_id":"4","text":"s","textarea":"ss","select":"色色","select_ajax":"6","radioGroup":"true","checkbox":"true","date":"","time":"","datetime":"","daterange":"","datetimerange":"","fileInfo":{"path":"example\\20180727154547196.txt","md5":"54a034b827f4ea3549375544e341b0fc","size":"49150","name":"20180727154547196.txt","srcName":"error.txt"}},{"_id":"13","text":"ss","textarea":"ss","select":"色色","select_ajax":"6","radioGroup":false,"checkbox":true,"checkboxGroup":["广州","深圳"],"date":"","time":"","datetime":"","daterange":"","datetimerange":"","fileInfo":"","tree":["北京市","天津市"],"addTime":"2018-08-02 10:27:54"}],"total":5}}
*************** response log end ***************

[2018-08-09 10:00:21.629] [INFO] androidTouchadmin.resLogger - 
*************** response log start ***************
request method: POST
request conentType: application/json;charset=UTF-8
request originalUrl:  /api/admin/company/Department/list
request client ip:  ::1
request body: 
{"projects":{"_id":1,"name":1}}
response time: 6
response status: 200
response body: 
{"status":{"code":"0","msg":"success"},"data":[{"_id":"6","name":"人力资源部b"},{"_id":"7","name":"test"}]}
*************** response log end ***************

