[2018-08-03 16:46:06.934] [INFO] androidTouchadmin.resLogger - 
*************** response log start ***************
request method: POST
request conentType: undefined
request originalUrl:  /api/admin/logout
request client ip:  ::1
request body: 
{}
response time: 1
response status: 200
response body: 
{"status":{"code":"0","msg":"success"}}
*************** response log end ***************

[2018-08-03 16:46:07.889] [INFO] androidTouchadmin.resLogger - 
*************** response log start ***************
request method: POST
request conentType: application/json;charset=UTF-8
request originalUrl:  /api/admin/login
request client ip:  ::1
request body: 
{"username":"admin","password":"admin"}
response time: 11
response status: 200
response body: 
{"status":{"code":"0","msg":"success"},"data":{"user":{"_id":"1","username":"admin","password":null,"type":"root","right":{}}}}
*************** response log end ***************

[2018-08-03 16:46:08.015] [INFO] androidTouchadmin.resLogger - 
*************** response log start ***************
request method: POST
request conentType: application/json;charset=UTF-8
request originalUrl:  /api/admin/sys/Role/list
request client ip:  ::1
request body: 
{"filter":{}}
response time: 16
response status: 200
response body: 
{"status":{"code":"0","msg":"success"},"data":[]}
*************** response log end ***************

[2018-08-03 16:46:08.026] [INFO] androidTouchadmin.resLogger - 
*************** response log start ***************
request method: POST
request conentType: application/json;charset=UTF-8
request originalUrl:  /api/admin/sys/User/listpage
request client ip:  ::1
request body: 
{"page":1,"pageSize":20,"filter":{}}
response time: 17
response status: 200
response body: 
{"status":{"code":"0","msg":"success"},"data":{"records":[{"_id":"1","username":"admin","password":"admin","type":"root"}],"total":1}}
*************** response log end ***************

[2018-08-03 16:46:11.351] [INFO] androidTouchadmin.resLogger - 
*************** response log start ***************
request method: POST
request conentType: application/json;charset=UTF-8
request originalUrl:  /api/admin/company/Department/listpage
request client ip:  ::1
request body: 
{"page":1,"pageSize":20,"filter":{}}
response time: 11
response status: 200
response body: 
{"status":{"code":"0","msg":"success"},"data":{"records":[{"_id":"6","name":"人力资源部b","memo":"ss"}],"total":1}}
*************** response log end ***************

[2018-08-03 17:02:01.434] [INFO] androidTouchadmin.resLogger - 
*************** response log start ***************
request method: POST
request conentType: application/json;charset=UTF-8
request originalUrl:  /api/admin/company/Department/listpage
request client ip:  ::1
request body: 
{"page":1,"pageSize":20,"filter":{}}
response time: 126
response status: 200
response body: 
{"status":{"code":"0","msg":"success"},"data":{"records":[{"_id":"6","name":"人力资源部b","memo":"ss"}],"total":1}}
*************** response log end ***************

[2018-08-03 17:02:46.229] [INFO] androidTouchadmin.resLogger - 
*************** response log start ***************
request method: POST
request conentType: application/json;charset=UTF-8
request originalUrl:  /api/admin/company/Department/listpage
request client ip:  ::1
request body: 
{"page":1,"pageSize":20,"filter":{}}
response time: 35
response status: 200
response body: 
{"status":{"code":"0","msg":"success"},"data":{"records":[{"_id":"6","name":"人力资源部b","memo":"ss"}],"total":1}}
*************** response log end ***************

[2018-08-03 17:02:57.019] [INFO] androidTouchadmin.resLogger - 
*************** response log start ***************
request method: POST
request conentType: application/json;charset=UTF-8
request originalUrl:  /api/admin/company/Department/edit
request client ip:  ::1
request body: 
{"_id":"6"}
response time: 38
response status: 200
response body: 
{"status":{"code":"0","msg":"success"}}
*************** response log end ***************

[2018-08-03 17:02:57.069] [INFO] androidTouchadmin.resLogger - 
*************** response log start ***************
request method: POST
request conentType: application/json;charset=UTF-8
request originalUrl:  /api/admin/company/Department/listpage
request client ip:  ::1
request body: 
{"page":1,"pageSize":20,"filter":{}}
response time: 17
response status: 200
response body: 
{"status":{"code":"0","msg":"success"},"data":{"records":[{"_id":"6","name":"人力资源部b","memo":"ss"}],"total":1}}
*************** response log end ***************

[2018-08-03 17:03:37.191] [INFO] androidTouchadmin.resLogger - 
*************** response log start ***************
request method: POST
request conentType: application/json;charset=UTF-8
request originalUrl:  /api/admin/company/Department/listpage
request client ip:  ::1
request body: 
{"page":1,"pageSize":20,"filter":{}}
response time: 8
response status: 200
response body: 
{"status":{"code":"0","msg":"success"},"data":{"records":[{"_id":"6","name":"人力资源部b","memo":"ss"}],"total":1}}
*************** response log end ***************

[2018-08-03 17:04:10.549] [INFO] androidTouchadmin.resLogger - 
*************** response log start ***************
request method: POST
request conentType: application/json;charset=UTF-8
request originalUrl:  /api/admin/company/Department/listpage
request client ip:  ::ffff:127.0.0.1
request body: 
{"page":1,"pageSize":20,"filter":{}}
response time: 87
response status: 200
response body: 
{"status":{"code":"0","msg":"success"},"data":{"records":[{"_id":"6","name":"人力资源部b","memo":"ss"}],"total":1}}
*************** response log end ***************

[2018-08-03 17:04:18.299] [INFO] androidTouchadmin.resLogger - 
*************** response log start ***************
request method: POST
request conentType: application/json;charset=UTF-8
request originalUrl:  /api/admin/company/Department/edit
request client ip:  ::1
request body: 
{"_id":"6"}
response time: 31
response status: 200
response body: 
{"status":{"code":"0","msg":"success"}}
*************** response log end ***************

[2018-08-03 17:04:18.325] [INFO] androidTouchadmin.resLogger - 
*************** response log start ***************
request method: POST
request conentType: application/json;charset=UTF-8
request originalUrl:  /api/admin/company/Department/listpage
request client ip:  ::1
request body: 
{"page":1,"pageSize":20,"filter":{}}
response time: 8
response status: 200
response body: 
{"status":{"code":"0","msg":"success"},"data":{"records":[{"_id":"6","name":"人力资源部b","memo":"ss"}],"total":1}}
*************** response log end ***************

[2018-08-03 17:04:22.214] [INFO] androidTouchadmin.resLogger - 
*************** response log start ***************
request method: POST
request conentType: application/json;charset=UTF-8
request originalUrl:  /api/admin/company/Department/listpage
request client ip:  ::1
request body: 
{"page":1,"pageSize":20,"filter":{}}
response time: 13
response status: 200
response body: 
{"status":{"code":"0","msg":"success"},"data":{"records":[{"_id":"6","name":"人力资源部b","memo":"ss"}],"total":1}}
*************** response log end ***************

[2018-08-03 17:04:30.316] [INFO] androidTouchadmin.resLogger - 
*************** response log start ***************
request method: POST
request conentType: application/json;charset=UTF-8
request originalUrl:  /api/admin/company/Department/edit
request client ip:  ::1
request body: 
{"_id":"6"}
response time: 6
response status: 200
response body: 
{"status":{"code":"0","msg":"success"}}
*************** response log end ***************

[2018-08-03 17:04:30.354] [INFO] androidTouchadmin.resLogger - 
*************** response log start ***************
request method: POST
request conentType: application/json;charset=UTF-8
request originalUrl:  /api/admin/company/Department/listpage
request client ip:  ::1
request body: 
{"page":1,"pageSize":20,"filter":{}}
response time: 12
response status: 200
response body: 
{"status":{"code":"0","msg":"success"},"data":{"records":[{"_id":"6","name":"人力资源部b","memo":"ss"}],"total":1}}
*************** response log end ***************

[2018-08-03 17:06:42.884] [INFO] androidTouchadmin.resLogger - 
*************** response log start ***************
request method: POST
request conentType: application/json;charset=UTF-8
request originalUrl:  /api/admin/company/Department/listpage
request client ip:  ::1
request body: 
{"page":1,"pageSize":20,"filter":{}}
response time: 21
response status: 200
response body: 
{"status":{"code":"0","msg":"success"},"data":{"records":[{"_id":"6","name":"人力资源部b","memo":"ss"}],"total":1}}
*************** response log end ***************

[2018-08-03 17:06:46.854] [INFO] androidTouchadmin.resLogger - 
*************** response log start ***************
request method: POST
request conentType: application/json;charset=UTF-8
request originalUrl:  /api/admin/company/Department/edit
request client ip:  ::1
request body: 
{"min":"1","max":"22","_id":"6"}
response time: 12
response status: 200
response body: 
{"status":{"code":"0","msg":"success"}}
*************** response log end ***************

[2018-08-03 17:06:46.890] [INFO] androidTouchadmin.resLogger - 
*************** response log start ***************
request method: POST
request conentType: application/json;charset=UTF-8
request originalUrl:  /api/admin/company/Department/listpage
request client ip:  ::1
request body: 
{"page":1,"pageSize":20,"filter":{}}
response time: 12
response status: 200
response body: 
{"status":{"code":"0","msg":"success"},"data":{"records":[{"_id":"6","name":"人力资源部b","memo":"ss","min":"1","max":"22"}],"total":1}}
*************** response log end ***************

[2018-08-03 17:09:55.616] [INFO] androidTouchadmin.resLogger - 
*************** response log start ***************
request method: POST
request conentType: application/json;charset=UTF-8
request originalUrl:  /api/admin/company/Department/listpage
request client ip:  ::1
request body: 
{"page":1,"pageSize":20,"filter":{}}
response time: 41
response status: 200
response body: 
{"status":{"code":"0","msg":"success"},"data":{"records":[{"_id":"6","name":"人力资源部b","memo":"ss","min":"1","max":"22"}],"total":1}}
*************** response log end ***************

[2018-08-03 17:09:58.628] [INFO] androidTouchadmin.resLogger - 
*************** response log start ***************
request method: POST
request conentType: application/json;charset=UTF-8
request originalUrl:  /api/admin/company/Department/listpage
request client ip:  ::1
request body: 
{"page":1,"pageSize":20,"filter":{}}
response time: 12
response status: 200
response body: 
{"status":{"code":"0","msg":"success"},"data":{"records":[{"_id":"6","name":"人力资源部b","memo":"ss","min":"1","max":"22"}],"total":1}}
*************** response log end ***************

[2018-08-03 17:13:02.286] [INFO] androidTouchadmin.resLogger - 
*************** response log start ***************
request method: POST
request conentType: application/json;charset=UTF-8
request originalUrl:  /api/admin/company/Department/listpage
request client ip:  ::1
request body: 
{"page":1,"pageSize":20,"filter":{}}
response time: 9
response status: 200
response body: 
{"status":{"code":"0","msg":"success"},"data":{"records":[{"_id":"6","name":"人力资源部b","memo":"ss","min":"1","max":"22"}],"total":1}}
*************** response log end ***************

[2018-08-03 17:14:00.136] [INFO] androidTouchadmin.resLogger - 
*************** response log start ***************
request method: POST
request conentType: application/json;charset=UTF-8
request originalUrl:  /api/admin/company/Department/listpage
request client ip:  ::1
request body: 
{"page":1,"pageSize":20,"filter":{}}
response time: 18
response status: 200
response body: 
{"status":{"code":"0","msg":"success"},"data":{"records":[{"_id":"6","name":"人力资源部b","memo":"ss","min":"1","max":"22"}],"total":1}}
*************** response log end ***************

[2018-08-03 17:14:29.981] [INFO] androidTouchadmin.resLogger - 
*************** response log start ***************
request method: POST
request conentType: application/json;charset=UTF-8
request originalUrl:  /api/admin/company/Department/listpage
request client ip:  ::1
request body: 
{"page":1,"pageSize":20,"filter":{}}
response time: 7
response status: 200
response body: 
{"status":{"code":"0","msg":"success"},"data":{"records":[{"_id":"6","name":"人力资源部b","memo":"ss","min":"1","max":"22"}],"total":1}}
*************** response log end ***************

[2018-08-03 17:14:33.297] [INFO] androidTouchadmin.resLogger - 
*************** response log start ***************
request method: POST
request conentType: application/json;charset=UTF-8
request originalUrl:  /api/admin/company/Department/edit
request client ip:  ::1
request body: 
{"config":{"min":"1","max":"22"},"_id":"6"}
response time: 58
response status: 200
response body: 
{"status":{"code":"0","msg":"success"}}
*************** response log end ***************

[2018-08-03 17:14:33.329] [INFO] androidTouchadmin.resLogger - 
*************** response log start ***************
request method: POST
request conentType: application/json;charset=UTF-8
request originalUrl:  /api/admin/company/Department/listpage
request client ip:  ::1
request body: 
{"page":1,"pageSize":20,"filter":{}}
response time: 10
response status: 200
response body: 
{"status":{"code":"0","msg":"success"},"data":{"records":[{"_id":"6","name":"人力资源部b","memo":"ss","min":"1","max":"22","config":{"min":"1","max":"22"}}],"total":1}}
*************** response log end ***************

[2018-08-03 17:14:41.263] [INFO] androidTouchadmin.resLogger - 
*************** response log start ***************
request method: POST
request conentType: application/json;charset=UTF-8
request originalUrl:  /api/admin/company/Department/edit
request client ip:  ::1
request body: 
{"config":{"min":"1","max":"222"},"_id":"6"}
response time: 7
response status: 200
response body: 
{"status":{"code":"0","msg":"success"}}
*************** response log end ***************

[2018-08-03 17:14:41.303] [INFO] androidTouchadmin.resLogger - 
*************** response log start ***************
request method: POST
request conentType: application/json;charset=UTF-8
request originalUrl:  /api/admin/company/Department/listpage
request client ip:  ::1
request body: 
{"page":1,"pageSize":20,"filter":{}}
response time: 15
response status: 200
response body: 
{"status":{"code":"0","msg":"success"},"data":{"records":[{"_id":"6","name":"人力资源部b","memo":"ss","min":"1","max":"22","config":{"min":"1","max":"222"}}],"total":1}}
*************** response log end ***************

[2018-08-03 17:17:03.914] [INFO] androidTouchadmin.resLogger - 
*************** response log start ***************
request method: POST
request conentType: application/json;charset=UTF-8
request originalUrl:  /api/admin/company/Department/listpage
request client ip:  ::ffff:127.0.0.1
request body: 
{"page":1,"pageSize":20,"filter":{}}
response time: 18
response status: 200
response body: 
{"status":{"code":"0","msg":"success"},"data":{"records":[{"_id":"6","name":"人力资源部b","memo":"ss","min":"1","max":"22","config":{"min":"1","max":"222"}}],"total":1}}
*************** response log end ***************

[2018-08-03 17:43:00.864] [INFO] androidTouchadmin.resLogger - 
*************** response log start ***************
request method: POST
request conentType: application/json;charset=UTF-8
request originalUrl:  /api/admin/company/Department/listpage
request client ip:  ::1
request body: 
{"page":1,"pageSize":20,"filter":{}}
response time: 27
response status: 200
response body: 
{"status":{"code":"0","msg":"success"},"data":{"records":[{"_id":"6","name":"人力资源部b","memo":"ss","min":"1","max":"22","config":{"min":"1","max":"222"}}],"total":1}}
*************** response log end ***************

[2018-08-03 17:43:05.722] [INFO] androidTouchadmin.resLogger - 
*************** response log start ***************
request method: POST
request conentType: application/json;charset=UTF-8
request originalUrl:  /api/admin/company/Department/edit
request client ip:  ::1
request body: 
{"config":{"min":"1","max":"22"},"_id":"6"}
response time: 27
response status: 200
response body: 
{"status":{"code":"0","msg":"success"}}
*************** response log end ***************

[2018-08-03 17:43:05.787] [INFO] androidTouchadmin.resLogger - 
*************** response log start ***************
request method: POST
request conentType: application/json;charset=UTF-8
request originalUrl:  /api/admin/company/Department/listpage
request client ip:  ::1
request body: 
{"page":1,"pageSize":20,"filter":{}}
response time: 16
response status: 200
response body: 
{"status":{"code":"0","msg":"success"},"data":{"records":[{"_id":"6","name":"人力资源部b","memo":"ss","min":"1","max":"22","config":{"min":"1","max":"22"}}],"total":1}}
*************** response log end ***************

