[2018-08-06 11:35:53.310] [INFO] androidTouchadmin.resLogger - 
*************** response log start ***************
request method: POST
request conentType: application/json;charset=UTF-8
request originalUrl:  /api/admin/company/Department/listpage
request client ip:  ::1
request body: 
{"page":1,"pageSize":20,"filter":{}}
response time: 29
response status: 200
response body: 
{"status":{"code":"106","msg":"没有登陆"}}
*************** response log end ***************

[2018-08-06 11:35:57.910] [INFO] androidTouchadmin.resLogger - 
*************** response log start ***************
request method: POST
request conentType: undefined
request originalUrl:  /api/admin/logout
request client ip:  ::1
request body: 
{}
response time: 0
response status: 200
response body: 
{"status":{"code":"0","msg":"success"}}
*************** response log end ***************

[2018-08-06 11:35:58.752] [INFO] androidTouchadmin.resLogger - 
*************** response log start ***************
request method: POST
request conentType: application/json;charset=UTF-8
request originalUrl:  /api/admin/login
request client ip:  ::1
request body: 
{"username":"admin","password":"admin"}
response time: 10
response status: 200
response body: 
{"status":{"code":"0","msg":"success"},"data":{"user":{"_id":"1","username":"admin","password":null,"type":"root","right":{}}}}
*************** response log end ***************

[2018-08-06 11:35:58.869] [INFO] androidTouchadmin.resLogger - 
*************** response log start ***************
request method: POST
request conentType: application/json;charset=UTF-8
request originalUrl:  /api/admin/sys/Role/list
request client ip:  ::1
request body: 
{"filter":{}}
response time: 22
response status: 200
response body: 
{"status":{"code":"0","msg":"success"},"data":[]}
*************** response log end ***************

[2018-08-06 11:35:58.891] [INFO] androidTouchadmin.resLogger - 
*************** response log start ***************
request method: POST
request conentType: application/json;charset=UTF-8
request originalUrl:  /api/admin/sys/User/listpage
request client ip:  ::1
request body: 
{"page":1,"pageSize":20,"filter":{}}
response time: 30
response status: 200
response body: 
{"status":{"code":"0","msg":"success"},"data":{"records":[{"_id":"1","username":"admin","password":"admin","type":"root"}],"total":1}}
*************** response log end ***************

[2018-08-06 11:38:31.804] [INFO] androidTouchadmin.resLogger - 
*************** response log start ***************
request method: POST
request conentType: undefined
request originalUrl:  /api/admin/logout
request client ip:  ::1
request body: 
{}
response time: 2
response status: 200
response body: 
{"status":{"code":"0","msg":"success"}}
*************** response log end ***************

[2018-08-06 11:38:32.705] [INFO] androidTouchadmin.resLogger - 
*************** response log start ***************
request method: POST
request conentType: application/json;charset=UTF-8
request originalUrl:  /api/admin/login
request client ip:  ::1
request body: 
{"username":"admin","password":"admin"}
response time: 6
response status: 200
response body: 
{"status":{"code":"0","msg":"success"},"data":{"user":{"_id":"1","username":"admin","password":null,"type":"root","right":{}}}}
*************** response log end ***************

[2018-08-06 11:38:32.852] [INFO] androidTouchadmin.resLogger - 
*************** response log start ***************
request method: POST
request conentType: application/json;charset=UTF-8
request originalUrl:  /api/admin/sys/Role/list
request client ip:  ::1
request body: 
{"filter":{}}
response time: 4
response status: 200
response body: 
{"status":{"code":"0","msg":"success"},"data":[]}
*************** response log end ***************

[2018-08-06 11:38:32.864] [INFO] androidTouchadmin.resLogger - 
*************** response log start ***************
request method: POST
request conentType: application/json;charset=UTF-8
request originalUrl:  /api/admin/sys/User/listpage
request client ip:  ::1
request body: 
{"page":1,"pageSize":20,"filter":{}}
response time: 8
response status: 200
response body: 
{"status":{"code":"0","msg":"success"},"data":{"records":[{"_id":"1","username":"admin","password":"admin","type":"root"}],"total":1}}
*************** response log end ***************

[2018-08-06 11:44:54.806] [INFO] androidTouchadmin.resLogger - 
*************** response log start ***************
request method: POST
request conentType: undefined
request originalUrl:  /api/admin/logout
request client ip:  ::1
request body: 
{}
response time: 4
response status: 200
response body: 
{"status":{"code":"0","msg":"success"}}
*************** response log end ***************

[2018-08-06 11:44:56.592] [INFO] androidTouchadmin.resLogger - 
*************** response log start ***************
request method: POST
request conentType: application/json;charset=UTF-8
request originalUrl:  /api/admin/login
request client ip:  ::1
request body: 
{"username":"admin","password":"admin"}
response time: 126
response status: 200
response body: 
{"status":{"code":"0","msg":"success"},"data":{"user":{"_id":"1","username":"admin","password":null,"type":"root","right":{}}}}
*************** response log end ***************

[2018-08-06 11:44:56.794] [INFO] androidTouchadmin.resLogger - 
*************** response log start ***************
request method: POST
request conentType: application/json;charset=UTF-8
request originalUrl:  /api/admin/sys/Role/list
request client ip:  ::1
request body: 
{"filter":{}}
response time: 33
response status: 200
response body: 
{"status":{"code":"0","msg":"success"},"data":[]}
*************** response log end ***************

[2018-08-06 11:44:56.805] [INFO] androidTouchadmin.resLogger - 
*************** response log start ***************
request method: POST
request conentType: application/json;charset=UTF-8
request originalUrl:  /api/admin/sys/User/listpage
request client ip:  ::1
request body: 
{"page":1,"pageSize":20,"filter":{}}
response time: 37
response status: 200
response body: 
{"status":{"code":"0","msg":"success"},"data":{"records":[{"_id":"1","username":"admin","password":"admin","type":"root"}],"total":1}}
*************** response log end ***************

